  contant_manager.cpp
C:\Program Files (x86)\Microsoft Visual Studio\2019\Community\VC\Tools\MSVC\14.20.27508\include\xmemory0(819): error C2558: class "ContactManager::Person": Kein Kopierkonstruktor verfügbar oder der Kopierkonstruktor is als "explicit" deklariert
  C:\Program Files (x86)\Microsoft Visual Studio\2019\Community\VC\Tools\MSVC\14.20.27508\include\list(749): note: Siehe Verweis auf die Instanziierung der gerade kompilierten Funktions-Vorlage "void std::_Default_allocator_traits<_Alloc>::construct<_Ty,const _Ty&>(_Alloc &,_Objty *const ,const _Ty &)".
          with
          [
              _Alloc=std::allocator<std::_List_node<ContactManager::Person,std::_Default_allocator_traits<std::allocator<ContactManager::Person>>::void_pointer>>,
              _Ty=ContactManager::Person,
              _Objty=ContactManager::Person
          ]
  C:\Program Files (x86)\Microsoft Visual Studio\2019\Community\VC\Tools\MSVC\14.20.27508\include\list(758): note: Siehe Verweis auf die Instanziierung der gerade kompilierten Funktions-Vorlage "void std::_Default_allocator_traits<_Alloc>::construct<_Ty,const _Ty&>(_Alloc &,_Objty *const ,const _Ty &)".
          with
          [
              _Alloc=std::allocator<std::_List_node<ContactManager::Person,std::_Default_allocator_traits<std::allocator<ContactManager::Person>>::void_pointer>>,
              _Ty=ContactManager::Person,
              _Objty=ContactManager::Person
          ]
  C:\Program Files (x86)\Microsoft Visual Studio\2019\Community\VC\Tools\MSVC\14.20.27508\include\list(974): note: Siehe Verweis auf die Instanziierung der gerade kompilierten Funktions-Vorlage "void std::list<ContactManager::Person,std::allocator<_Ty>>::_Insert<const _Ty&>(std::_List_unchecked_const_iterator<std::_List_val<std::_List_simple_types<_Ty>>,std::_Iterator_base0>,const _Ty &)".
          with
          [
              _Ty=ContactManager::Person
          ]
  C:\Program Files (x86)\Microsoft Visual Studio\2019\Community\VC\Tools\MSVC\14.20.27508\include\list(974): note: Siehe Verweis auf die Instanziierung der gerade kompilierten Funktions-Vorlage "void std::list<ContactManager::Person,std::allocator<_Ty>>::_Insert<const _Ty&>(std::_List_unchecked_const_iterator<std::_List_val<std::_List_simple_types<_Ty>>,std::_Iterator_base0>,const _Ty &)".
          with
          [
              _Ty=ContactManager::Person
          ]
  C:\Program Files (x86)\Microsoft Visual Studio\2019\Community\VC\Tools\MSVC\14.20.27508\include\list(973): note: Bei der Kompilierung von Klasse Vorlage der void std::list<ContactManager::Person,std::allocator<_Ty>>::push_front(const _Ty &)-Memberfunktion
          with
          [
              _Ty=ContactManager::Person
          ]
  D:\CLOUD\➔ DHBW\Semester_2\Scribble\Programmieren\project\contant_manager\contant_manager\controller.h(28): note: Siehe Verweis auf die Instanziierung der gerade kompilierten Funktions-Vorlage "void std::list<ContactManager::Person,std::allocator<_Ty>>::push_front(const _Ty &)".
          with
          [
              _Ty=ContactManager::Person
          ]
  D:\CLOUD\➔ DHBW\Semester_2\Scribble\Programmieren\project\contant_manager\contant_manager\controller.h(17): note: Siehe Verweis auf die Klasse Vorlage-Instanziierung "std::list<ContactManager::Person,std::allocator<_Ty>>", die kompiliert wird.
          with
          [
              _Ty=ContactManager::Person
          ]
  controller.cpp
C:\Program Files (x86)\Microsoft Visual Studio\2019\Community\VC\Tools\MSVC\14.20.27508\include\xmemory0(819): error C2558: class "ContactManager::Person": Kein Kopierkonstruktor verfügbar oder der Kopierkonstruktor is als "explicit" deklariert
  C:\Program Files (x86)\Microsoft Visual Studio\2019\Community\VC\Tools\MSVC\14.20.27508\include\list(749): note: Siehe Verweis auf die Instanziierung der gerade kompilierten Funktions-Vorlage "void std::_Default_allocator_traits<_Alloc>::construct<_Ty,const _Ty&>(_Alloc &,_Objty *const ,const _Ty &)".
          with
          [
              _Alloc=std::allocator<std::_List_node<ContactManager::Person,std::_Default_allocator_traits<std::allocator<ContactManager::Person>>::void_pointer>>,
              _Ty=ContactManager::Person,
              _Objty=ContactManager::Person
          ]
  C:\Program Files (x86)\Microsoft Visual Studio\2019\Community\VC\Tools\MSVC\14.20.27508\include\list(758): note: Siehe Verweis auf die Instanziierung der gerade kompilierten Funktions-Vorlage "void std::_Default_allocator_traits<_Alloc>::construct<_Ty,const _Ty&>(_Alloc &,_Objty *const ,const _Ty &)".
          with
          [
              _Alloc=std::allocator<std::_List_node<ContactManager::Person,std::_Default_allocator_traits<std::allocator<ContactManager::Person>>::void_pointer>>,
              _Ty=ContactManager::Person,
              _Objty=ContactManager::Person
          ]
  C:\Program Files (x86)\Microsoft Visual Studio\2019\Community\VC\Tools\MSVC\14.20.27508\include\list(974): note: Siehe Verweis auf die Instanziierung der gerade kompilierten Funktions-Vorlage "void std::list<ContactManager::Person,std::allocator<_Ty>>::_Insert<const _Ty&>(std::_List_unchecked_const_iterator<std::_List_val<std::_List_simple_types<_Ty>>,std::_Iterator_base0>,const _Ty &)".
          with
          [
              _Ty=ContactManager::Person
          ]
  C:\Program Files (x86)\Microsoft Visual Studio\2019\Community\VC\Tools\MSVC\14.20.27508\include\list(974): note: Siehe Verweis auf die Instanziierung der gerade kompilierten Funktions-Vorlage "void std::list<ContactManager::Person,std::allocator<_Ty>>::_Insert<const _Ty&>(std::_List_unchecked_const_iterator<std::_List_val<std::_List_simple_types<_Ty>>,std::_Iterator_base0>,const _Ty &)".
          with
          [
              _Ty=ContactManager::Person
          ]
  C:\Program Files (x86)\Microsoft Visual Studio\2019\Community\VC\Tools\MSVC\14.20.27508\include\list(973): note: Bei der Kompilierung von Klasse Vorlage der void std::list<ContactManager::Person,std::allocator<_Ty>>::push_front(const _Ty &)-Memberfunktion
          with
          [
              _Ty=ContactManager::Person
          ]
  D:\CLOUD\➔ DHBW\Semester_2\Scribble\Programmieren\project\contant_manager\contant_manager\controller.h(28): note: Siehe Verweis auf die Instanziierung der gerade kompilierten Funktions-Vorlage "void std::list<ContactManager::Person,std::allocator<_Ty>>::push_front(const _Ty &)".
          with
          [
              _Ty=ContactManager::Person
          ]
  D:\CLOUD\➔ DHBW\Semester_2\Scribble\Programmieren\project\contant_manager\contant_manager\controller.h(17): note: Siehe Verweis auf die Klasse Vorlage-Instanziierung "std::list<ContactManager::Person,std::allocator<_Ty>>", die kompiliert wird.
          with
          [
              _Ty=ContactManager::Person
          ]
  Code wird generiert...
